<?xml version="1.0" encoding="UTF-8"?>
<!-- Generated by org.testng.reporters.JUnitXMLReporter -->
<testsuite hostname="Vivek" name="APITest" tests="8" failures="0" timestamp="19 Sep 2015 18:09:34 GMT" time="19.78" errors="0">
  <testcase name="Mobile_validation_check" time="3.692" classname="com.limetray.app.Validation_api_error_check"/>
  <testcase name="user_source_validation_check" time="1.113" classname="com.limetray.app.Validation_api_error_check"/>
  <testcase name="user_email_validation" time="0.515" classname="com.limetray.app.Validation_api_error_check"/>
  <testcase name="user_cloud_site_validation" time="1.877" classname="com.limetray.app.Validation_api_error_check"/>
  <testcase name="combination_mobile_email_validation" time="1.019" classname="com.limetray.app.Validation_api_error_check"/>
  <testcase name="combination_mobile_cloud_site_validation" time="1.107" classname="com.limetray.app.Validation_api_error_check"/>
  <testcase name="combination_mobile_firstname_validation" time="1.82" classname="com.limetray.app.Validation_api_error_check"/>
  <testcase name="send_email_script_output" time="8.606" classname="com.limetray.app.Validation_api_error_check"/>
</testsuite>
