<?xml version="1.0" encoding="UTF-8"?>
<!-- Generated by org.testng.reporters.JUnitXMLReporter -->
<testsuite hostname="Vivek" name="Default test" tests="8" failures="0" timestamp="16 Sep 2015 10:56:37 GMT" time="27.276" errors="0">
  <testcase name="Mobile_validation_check" time="4.53" classname="com.limetray.app.Validation_api_error_check"/>
  <testcase name="user_source_validation_check" time="1.683" classname="com.limetray.app.Validation_api_error_check"/>
  <testcase name="user_email_validation" time="0.86" classname="com.limetray.app.Validation_api_error_check"/>
  <testcase name="user_cloud_site_validation" time="1.005" classname="com.limetray.app.Validation_api_error_check"/>
  <testcase name="combination_mobile_email_validation" time="1.432" classname="com.limetray.app.Validation_api_error_check"/>
  <testcase name="combination_mobile_cloud_site_validation" time="2.71" classname="com.limetray.app.Validation_api_error_check"/>
  <testcase name="combination_mobile_firstname_validation" time="1.848" classname="com.limetray.app.Validation_api_error_check"/>
  <testcase name="send_email_script_output" time="13.037" classname="com.limetray.app.Validation_api_error_check"/>
</testsuite> <!-- Default test -->
