<?xml version="1.0" encoding="UTF-8"?>
<!-- Generated by org.testng.reporters.JUnitXMLReporter -->
<testsuite hostname="Vivek" name="APITest" tests="8" failures="0" timestamp="18 Sep 2015 06:46:51 GMT" time="29.308" errors="0">
  <testcase name="Mobile_validation_check" time="5.509" classname="com.limetray.app.Validation_api_error_check"/>
  <testcase name="user_source_validation_check" time="1.554" classname="com.limetray.app.Validation_api_error_check"/>
  <testcase name="user_email_validation" time="0.66" classname="com.limetray.app.Validation_api_error_check"/>
  <testcase name="user_cloud_site_validation" time="2.07" classname="com.limetray.app.Validation_api_error_check"/>
  <testcase name="combination_mobile_email_validation" time="4.881" classname="com.limetray.app.Validation_api_error_check"/>
  <testcase name="combination_mobile_cloud_site_validation" time="1.566" classname="com.limetray.app.Validation_api_error_check"/>
  <testcase name="combination_mobile_firstname_validation" time="2.645" classname="com.limetray.app.Validation_api_error_check"/>
  <testcase name="send_email_script_output" time="10.354" classname="com.limetray.app.Validation_api_error_check"/>
</testsuite>
