<?xml version="1.0" encoding="UTF-8"?>
<testng-results skipped="0" failed="0" total="8" passed="8">
  <reporter-output>
  </reporter-output>
  <suite name="Suite" duration-ms="29308" started-at="2015-09-18T12:16:22Z" finished-at="2015-09-18T12:16:51Z">
    <groups>
    </groups>
    <test name="APITest" duration-ms="29308" started-at="2015-09-18T12:16:22Z" finished-at="2015-09-18T12:16:51Z">
      <class name="com.limetray.app.Validation_api_error_check">
        <test-method status="PASS" signature="Mobile_validation_check()[pri:0, instance:com.limetray.app.Validation_api_error_check@13f8d12]" name="Mobile_validation_check" duration-ms="5509" started-at="2015-09-18T12:16:22Z" finished-at="2015-09-18T12:16:28Z">
        </test-method>
        <test-method status="PASS" signature="user_source_validation_check()[pri:1, instance:com.limetray.app.Validation_api_error_check@13f8d12]" name="user_source_validation_check" duration-ms="1554" started-at="2015-09-18T12:16:28Z" finished-at="2015-09-18T12:16:29Z">
        </test-method>
        <test-method status="PASS" signature="user_email_validation()[pri:2, instance:com.limetray.app.Validation_api_error_check@13f8d12]" name="user_email_validation" duration-ms="660" started-at="2015-09-18T12:16:29Z" finished-at="2015-09-18T12:16:30Z">
        </test-method>
        <test-method status="PASS" signature="user_cloud_site_validation()[pri:3, instance:com.limetray.app.Validation_api_error_check@13f8d12]" name="user_cloud_site_validation" duration-ms="2070" started-at="2015-09-18T12:16:30Z" finished-at="2015-09-18T12:16:32Z">
        </test-method>
        <test-method status="PASS" signature="combination_mobile_email_validation()[pri:4, instance:com.limetray.app.Validation_api_error_check@13f8d12]" name="combination_mobile_email_validation" duration-ms="4881" started-at="2015-09-18T12:16:32Z" finished-at="2015-09-18T12:16:37Z">
        </test-method>
        <test-method status="PASS" signature="combination_mobile_cloud_site_validation()[pri:5, instance:com.limetray.app.Validation_api_error_check@13f8d12]" name="combination_mobile_cloud_site_validation" duration-ms="1566" started-at="2015-09-18T12:16:37Z" finished-at="2015-09-18T12:16:38Z">
        </test-method>
        <test-method status="PASS" signature="combination_mobile_firstname_validation()[pri:6, instance:com.limetray.app.Validation_api_error_check@13f8d12]" name="combination_mobile_firstname_validation" duration-ms="2645" started-at="2015-09-18T12:16:38Z" finished-at="2015-09-18T12:16:41Z">
        </test-method>
        <test-method status="PASS" signature="send_email_script_output()[pri:7, instance:com.limetray.app.Validation_api_error_check@13f8d12]" name="send_email_script_output" duration-ms="10354" started-at="2015-09-18T12:16:41Z" finished-at="2015-09-18T12:16:51Z">
        </test-method>
      </class>
    </test>
  </suite>
</testng-results>
