<?xml version="1.0" encoding="UTF-8" ?>
<testsuite failures="0" time="29.255" errors="0" skipped="0" tests="8" name="TestSuite">
  <properties>
[...]
</properties>
  <testcase time="5.539" classname="com.limetray.app.Validation_api_error_check" name="Mobile_validation_check"/>
  <testcase time="1.527" classname="com.limetray.app.Validation_api_error_check" name="user_source_validation_check"/>
  <testcase time="0.671" classname="com.limetray.app.Validation_api_error_check" name="user_email_validation"/>
  <testcase time="2.07" classname="com.limetray.app.Validation_api_error_check" name="user_cloud_site_validation"/>
  <testcase time="4.884" classname="com.limetray.app.Validation_api_error_check" name="combination_mobile_email_validation"/>
  <testcase time="1.565" classname="com.limetray.app.Validation_api_error_check" name="combination_mobile_cloud_site_validation"/>
  <testcase time="2.647" classname="com.limetray.app.Validation_api_error_check" name="combination_mobile_firstname_validation"/>
  <testcase time="10.352" classname="com.limetray.app.Validation_api_error_check" name="send_email_script_output"/>
</testsuite>