<?xml version="1.0" encoding="UTF-8"?>
<testng-results skipped="0" failed="0" total="8" passed="8">
  <reporter-output>
  </reporter-output>
  <suite name="Default suite" duration-ms="19136" started-at="2015-10-05T05:12:29Z" finished-at="2015-10-05T05:12:48Z">
    <groups>
    </groups>
    <test name="Default test" duration-ms="19136" started-at="2015-10-05T05:12:29Z" finished-at="2015-10-05T05:12:48Z">
      <class name="com.limetray.app.Validation_api_error_check">
        <test-method status="PASS" signature="Mobile_validation_check()[pri:0, instance:com.limetray.app.Validation_api_error_check@5ba23b66]" name="Mobile_validation_check" duration-ms="3652" started-at="2015-10-05T10:42:29Z" finished-at="2015-10-05T10:42:32Z">
          <reporter-output>
          </reporter-output>
        </test-method> <!-- Mobile_validation_check -->
        <test-method status="PASS" signature="user_source_validation_check()[pri:1, instance:com.limetray.app.Validation_api_error_check@5ba23b66]" name="user_source_validation_check" duration-ms="1046" started-at="2015-10-05T10:42:32Z" finished-at="2015-10-05T10:42:34Z">
          <reporter-output>
          </reporter-output>
        </test-method> <!-- user_source_validation_check -->
        <test-method status="PASS" signature="user_email_validation()[pri:2, instance:com.limetray.app.Validation_api_error_check@5ba23b66]" name="user_email_validation" duration-ms="545" started-at="2015-10-05T10:42:34Z" finished-at="2015-10-05T10:42:34Z">
          <reporter-output>
          </reporter-output>
        </test-method> <!-- user_email_validation -->
        <test-method status="PASS" signature="user_cloud_site_validation()[pri:3, instance:com.limetray.app.Validation_api_error_check@5ba23b66]" name="user_cloud_site_validation" duration-ms="997" started-at="2015-10-05T10:42:34Z" finished-at="2015-10-05T10:42:35Z">
          <reporter-output>
          </reporter-output>
        </test-method> <!-- user_cloud_site_validation -->
        <test-method status="PASS" signature="combination_mobile_email_validation()[pri:4, instance:com.limetray.app.Validation_api_error_check@5ba23b66]" name="combination_mobile_email_validation" duration-ms="1024" started-at="2015-10-05T10:42:35Z" finished-at="2015-10-05T10:42:36Z">
          <reporter-output>
          </reporter-output>
        </test-method> <!-- combination_mobile_email_validation -->
        <test-method status="PASS" signature="combination_mobile_cloud_site_validation()[pri:5, instance:com.limetray.app.Validation_api_error_check@5ba23b66]" name="combination_mobile_cloud_site_validation" duration-ms="1017" started-at="2015-10-05T10:42:36Z" finished-at="2015-10-05T10:42:37Z">
          <reporter-output>
          </reporter-output>
        </test-method> <!-- combination_mobile_cloud_site_validation -->
        <test-method status="PASS" signature="combination_mobile_firstname_validation()[pri:6, instance:com.limetray.app.Validation_api_error_check@5ba23b66]" name="combination_mobile_firstname_validation" duration-ms="962" started-at="2015-10-05T10:42:37Z" finished-at="2015-10-05T10:42:38Z">
          <reporter-output>
          </reporter-output>
        </test-method> <!-- combination_mobile_firstname_validation -->
        <test-method status="PASS" signature="send_email_script_output()[pri:7, instance:com.limetray.app.Validation_api_error_check@5ba23b66]" name="send_email_script_output" duration-ms="9708" started-at="2015-10-05T10:42:38Z" finished-at="2015-10-05T10:42:48Z">
          <reporter-output>
          </reporter-output>
        </test-method> <!-- send_email_script_output -->
      </class> <!-- com.limetray.app.Validation_api_error_check -->
    </test> <!-- Default test -->
  </suite> <!-- Default suite -->
</testng-results>
