<?xml version="1.0" encoding="UTF-8"?>
<testng-results skipped="0" failed="0" total="8" passed="8">
  <reporter-output>
  </reporter-output>
  <suite name="Suite" duration-ms="19780" started-at="2015-09-19T23:39:14Z" finished-at="2015-09-19T23:39:34Z">
    <groups>
    </groups>
    <test name="APITest" duration-ms="19780" started-at="2015-09-19T23:39:14Z" finished-at="2015-09-19T23:39:34Z">
      <class name="com.limetray.app.Validation_api_error_check">
        <test-method status="PASS" signature="Mobile_validation_check()[pri:0, instance:com.limetray.app.Validation_api_error_check@4df9a0]" name="Mobile_validation_check" duration-ms="3692" started-at="2015-09-19T23:39:14Z" finished-at="2015-09-19T23:39:18Z">
        </test-method>
        <test-method status="PASS" signature="user_source_validation_check()[pri:1, instance:com.limetray.app.Validation_api_error_check@4df9a0]" name="user_source_validation_check" duration-ms="1113" started-at="2015-09-19T23:39:18Z" finished-at="2015-09-19T23:39:19Z">
        </test-method>
        <test-method status="PASS" signature="user_email_validation()[pri:2, instance:com.limetray.app.Validation_api_error_check@4df9a0]" name="user_email_validation" duration-ms="515" started-at="2015-09-19T23:39:19Z" finished-at="2015-09-19T23:39:19Z">
        </test-method>
        <test-method status="PASS" signature="user_cloud_site_validation()[pri:3, instance:com.limetray.app.Validation_api_error_check@4df9a0]" name="user_cloud_site_validation" duration-ms="1877" started-at="2015-09-19T23:39:19Z" finished-at="2015-09-19T23:39:21Z">
        </test-method>
        <test-method status="PASS" signature="combination_mobile_email_validation()[pri:4, instance:com.limetray.app.Validation_api_error_check@4df9a0]" name="combination_mobile_email_validation" duration-ms="1019" started-at="2015-09-19T23:39:21Z" finished-at="2015-09-19T23:39:22Z">
        </test-method>
        <test-method status="PASS" signature="combination_mobile_cloud_site_validation()[pri:5, instance:com.limetray.app.Validation_api_error_check@4df9a0]" name="combination_mobile_cloud_site_validation" duration-ms="1107" started-at="2015-09-19T23:39:22Z" finished-at="2015-09-19T23:39:23Z">
        </test-method>
        <test-method status="PASS" signature="combination_mobile_firstname_validation()[pri:6, instance:com.limetray.app.Validation_api_error_check@4df9a0]" name="combination_mobile_firstname_validation" duration-ms="1820" started-at="2015-09-19T23:39:23Z" finished-at="2015-09-19T23:39:25Z">
        </test-method>
        <test-method status="PASS" signature="send_email_script_output()[pri:7, instance:com.limetray.app.Validation_api_error_check@4df9a0]" name="send_email_script_output" duration-ms="8606" started-at="2015-09-19T23:39:25Z" finished-at="2015-09-19T23:39:34Z">
        </test-method>
      </class>
    </test>
  </suite>
</testng-results>
