<?xml version="1.0" encoding="UTF-8"?>
<!-- Generated by org.testng.reporters.JUnitXMLReporter -->
<testsuite hostname="vivek-7492" name="Default test" tests="8" failures="0" timestamp="5 Oct 2015 05:12:48 GMT" time="19.136" errors="0">
  <testcase name="Mobile_validation_check" time="3.652" classname="com.limetray.app.Validation_api_error_check"/>
  <testcase name="user_source_validation_check" time="1.046" classname="com.limetray.app.Validation_api_error_check"/>
  <testcase name="user_email_validation" time="0.545" classname="com.limetray.app.Validation_api_error_check"/>
  <testcase name="user_cloud_site_validation" time="0.997" classname="com.limetray.app.Validation_api_error_check"/>
  <testcase name="combination_mobile_email_validation" time="1.024" classname="com.limetray.app.Validation_api_error_check"/>
  <testcase name="combination_mobile_cloud_site_validation" time="1.017" classname="com.limetray.app.Validation_api_error_check"/>
  <testcase name="combination_mobile_firstname_validation" time="0.962" classname="com.limetray.app.Validation_api_error_check"/>
  <testcase name="send_email_script_output" time="9.708" classname="com.limetray.app.Validation_api_error_check"/>
</testsuite> <!-- Default test -->
